SF:lib/common/dialog_buttons.dart
DA:83,1
DA:99,1
DA:103,1
DA:112,1
DA:113,1
DA:114,1
DA:115,1
DA:116,1
DA:117,1
DA:118,2
DA:119,1
DA:120,1
DA:121,1
DA:122,1
DA:123,1
DA:124,2
DA:125,1
DA:126,1
DA:134,1
DA:135,1
DA:137,1
DA:139,2
DA:140,1
DA:141,1
DA:142,1
DA:147,1
DA:154,1
DA:155,1
DA:156,1
DA:157,1
DA:158,1
DA:159,1
DA:160,2
DA:161,1
DA:162,1
DA:163,1
DA:164,1
DA:165,1
DA:166,2
DA:167,1
DA:168,1
DA:176,1
DA:177,1
DA:179,1
DA:181,2
DA:182,1
DA:183,1
DA:184,1
DA:186,2
DA:187,1
DA:191,1
LF:51
LH:51
end_of_record
SF:lib/lazy_multi_value_picker_dialog.dart
DA:98,1
DA:121,1
DA:125,2
DA:134,1
DA:135,3
DA:136,1
DA:138,2
DA:140,2
DA:142,1
DA:143,1
DA:144,1
DA:145,1
DA:146,1
DA:147,1
DA:149,1
DA:150,1
DA:151,1
DA:152,1
DA:153,1
DA:154,1
DA:155,1
DA:156,1
DA:157,1
DA:158,1
DA:159,1
DA:160,1
DA:161,1
DA:162,1
DA:165,1
LF:29
LH:29
end_of_record
SF:lib/lazy_single_value_picker_dialog.dart
DA:75,1
DA:93,1
DA:98,1
DA:106,1
DA:107,3
DA:109,1
DA:111,2
DA:112,2
DA:114,1
DA:115,2
DA:116,3
DA:117,1
DA:119,1
DA:120,1
DA:121,1
DA:122,1
DA:123,1
DA:124,2
DA:125,1
DA:126,1
DA:127,3
DA:128,3
DA:129,3
DA:131,1
DA:134,1
DA:135,1
DA:136,2
DA:137,1
DA:138,1
DA:139,1
DA:140,1
DA:143,1
DA:144,4
DA:145,1
DA:146,2
DA:147,2
DA:151,1
DA:152,1
DA:153,1
DA:154,0
DA:155,0
DA:161,1
DA:162,1
DA:163,1
DA:164,1
DA:165,1
DA:166,1
DA:167,4
DA:175,1
DA:177,1
DA:179,1
DA:180,1
DA:181,1
DA:183,1
DA:184,1
DA:185,4
DA:186,1
DA:189,3
DA:196,4
DA:197,1
DA:199,1
DA:201,1
DA:202,2
DA:203,1
DA:205,1
DA:206,5
DA:207,2
DA:210,1
DA:211,2
DA:212,0
DA:214,0
DA:215,0
DA:216,0
LF:73
LH:67
end_of_record
SF:lib/loading_dialog.dart
DA:72,1
DA:100,1
DA:101,1
DA:103,1
DA:104,1
DA:105,2
DA:106,3
DA:108,1
DA:109,1
DA:110,1
DA:111,2
DA:112,1
DA:113,3
DA:114,1
DA:116,1
DA:118,1
DA:119,1
DA:121,2
DA:122,4
DA:125,1
DA:126,1
DA:127,1
DA:128,1
DA:130,0
DA:131,0
DA:157,3
LF:26
LH:24
end_of_record
SF:lib/multi_value_picker_dialog.dart
DA:84,1
DA:105,1
DA:109,2
DA:114,4
DA:129,1
DA:130,5
DA:131,2
DA:132,3
DA:134,3
DA:135,2
DA:136,1
DA:137,0
DA:140,1
DA:142,1
DA:143,1
DA:144,1
DA:145,1
DA:146,1
DA:147,1
DA:148,1
DA:149,3
DA:150,3
DA:151,3
DA:153,1
DA:156,1
DA:157,1
DA:158,1
DA:160,1
DA:161,4
DA:168,1
DA:169,1
DA:170,1
DA:171,1
DA:172,1
DA:173,1
DA:174,1
DA:175,1
DA:176,4
DA:181,1
DA:182,0
DA:183,0
DA:192,1
DA:193,1
DA:195,1
DA:196,1
DA:197,1
DA:199,1
DA:200,2
DA:201,1
DA:206,1
DA:208,1
DA:209,2
DA:211,1
DA:212,1
DA:214,1
DA:216,1
DA:217,1
DA:218,1
DA:219,1
DA:220,1
DA:221,2
DA:223,0
DA:224,0
DA:225,0
DA:227,0
DA:229,0
DA:231,4
DA:232,4
DA:233,4
DA:236,2
DA:237,1
DA:238,1
DA:239,3
DA:242,3
DA:243,0
DA:245,0
DA:247,0
DA:249,0
DA:260,2
DA:261,1
DA:263,1
DA:265,1
DA:266,2
DA:267,1
DA:269,1
DA:270,5
DA:271,2
DA:274,1
DA:275,2
DA:276,1
DA:278,1
DA:279,2
DA:280,3
DA:281,2
LF:94
LH:82
end_of_record
SF:lib/primary_dialog.dart
DA:104,1
DA:122,1
DA:126,1
DA:145,1
DA:146,2
DA:147,3
DA:148,1
DA:150,1
DA:151,1
DA:152,1
DA:154,1
DA:155,1
DA:156,1
DA:157,2
DA:158,1
DA:159,3
DA:160,1
DA:161,1
DA:164,1
DA:165,1
DA:166,1
DA:168,1
DA:169,4
DA:170,1
DA:171,2
DA:172,2
DA:176,1
DA:177,1
DA:178,1
DA:179,1
DA:180,4
DA:185,1
DA:186,0
DA:191,0
DA:192,0
DA:193,0
DA:196,1
DA:197,1
DA:199,1
DA:200,1
DA:201,1
DA:204,2
DA:205,1
DA:207,1
DA:209,1
DA:210,2
DA:211,1
DA:213,1
DA:215,5
DA:216,2
DA:219,1
DA:220,2
DA:221,1
DA:223,1
DA:224,5
DA:225,2
LF:56
LH:52
end_of_record
SF:lib/single_value_picker_dialog.dart
DA:67,1
DA:83,1
DA:99,1
DA:100,2
DA:101,3
DA:102,1
DA:104,1
DA:105,1
DA:106,1
DA:107,1
DA:108,1
DA:109,2
DA:110,1
DA:111,1
DA:112,3
DA:113,3
DA:114,3
DA:116,1
DA:119,1
DA:120,1
DA:121,2
DA:122,1
DA:123,1
DA:124,1
DA:125,1
DA:128,1
DA:129,4
DA:130,1
DA:131,2
DA:132,2
DA:136,1
DA:137,1
DA:138,1
DA:139,0
DA:140,0
DA:146,1
DA:147,1
DA:148,1
DA:149,1
DA:150,1
DA:151,1
DA:152,4
DA:160,1
DA:162,1
DA:164,2
DA:165,1
DA:166,1
DA:168,1
DA:169,1
DA:170,5
DA:171,1
DA:174,4
DA:181,4
DA:182,1
DA:184,1
DA:186,1
DA:187,2
DA:188,1
DA:190,1
DA:191,5
DA:192,2
DA:195,1
DA:196,2
DA:197,0
DA:199,0
DA:200,0
DA:201,0
LF:67
LH:61
end_of_record
